Flow report for moduleTop
Tue Apr 21 09:20:11 2026
Quartus Prime Version 18.1.0 Build 625 09/12/2018 SJ Lite Edition


---------------------
; Table of Contents ;
---------------------
  1. Legal Notice
  2. Flow Summary
  3. Flow Settings
  4. Flow Non-Default Global Settings
  5. Flow Elapsed Time
  6. Flow OS Summary
  7. Flow Log
  8. Flow Messages
  9. Flow Suppressed Messages



----------------
; Legal Notice ;
----------------
Copyright (C) 2018  Intel Corporation. All rights reserved.
Your use of Intel Corporation's design tools, logic functions 
and other software and tools, and its AMPP partner logic 
functions, and any output files from any of the foregoing 
(including device programming or simulation files), and any 
associated documentation or information are expressly subject 
to the terms and conditions of the Intel Program License 
Subscription Agreement, the Intel Quartus Prime License Agreement,
the Intel FPGA IP License Agreement, or other applicable license
agreement, including, without limitation, that your use is for
the sole purpose of programming logic devices manufactured by
Intel and sold by Intel or its authorized distributors.  Please
refer to the applicable agreement for further details.



+-------------------------------------------------------------------------------+
; Flow Summary                                                                  ;
+---------------------------------+---------------------------------------------+
; Flow Status                     ; Successful - Tue Apr 21 09:20:11 2026       ;
; Quartus Prime Version           ; 18.1.0 Build 625 09/12/2018 SJ Lite Edition ;
; Revision Name                   ; moduleTop                                   ;
; Top-level Entity Name           ; mnist_soc_top                               ;
; Family                          ; Cyclone V                                   ;
; Device                          ; 5CSXFC6D6F31C6                              ;
; Timing Models                   ; Final                                       ;
; Logic utilization (in ALMs)     ; 1,244 / 41,910 ( 3 % )                      ;
; Total registers                 ; 1695                                        ;
; Total pins                      ; 67 / 499 ( 13 % )                           ;
; Total virtual pins              ; 0                                           ;
; Total block memory bits         ; 1,097,856 / 5,662,720 ( 19 % )              ;
; Total DSP Blocks                ; 3 / 112 ( 3 % )                             ;
; Total HSSI RX PCSs              ; 0 / 9 ( 0 % )                               ;
; Total HSSI PMA RX Deserializers ; 0 / 9 ( 0 % )                               ;
; Total HSSI TX PCSs              ; 0 / 9 ( 0 % )                               ;
; Total HSSI PMA TX Serializers   ; 0 / 9 ( 0 % )                               ;
; Total PLLs                      ; 0 / 15 ( 0 % )                              ;
; Total DLLs                      ; 0 / 4 ( 0 % )                               ;
+---------------------------------+---------------------------------------------+


+-----------------------------------------+
; Flow Settings                           ;
+-------------------+---------------------+
; Option            ; Setting             ;
+-------------------+---------------------+
; Start date & time ; 04/21/2026 09:13:40 ;
; Main task         ; Compilation         ;
; Revision Name     ; moduleTop           ;
+-------------------+---------------------+


+-------------------------------------------------------------------------------------------------------------------------------------------------------------+
; Flow Non-Default Global Settings                                                                                                                            ;
+--------------------------------------+----------------------------------------------------------+---------------+----------------------+--------------------+
; Assignment Name                      ; Value                                                    ; Default Value ; Entity Name          ; Section Id         ;
+--------------------------------------+----------------------------------------------------------+---------------+----------------------+--------------------+
; COMPILER_SIGNATURE_ID                ; 10995770589188.177673761915348                           ; --            ; --                   ; --                 ;
; EDA_DESIGN_INSTANCE_NAME             ; NA                                                       ; --            ; --                   ; tb_mlp_accelerator ;
; EDA_NATIVELINK_SIMULATION_TEST_BENCH ; tb_mlp_accelerator                                       ; --            ; --                   ; eda_simulation     ;
; EDA_OUTPUT_DATA_FORMAT               ; Verilog Hdl                                              ; --            ; --                   ; eda_simulation     ;
; EDA_SIMULATION_TOOL                  ; ModelSim-Altera (Verilog)                                ; <None>        ; --                   ; --                 ;
; EDA_TEST_BENCH_ENABLE_STATUS         ; TEST_BENCH_MODE                                          ; --            ; --                   ; eda_simulation     ;
; EDA_TEST_BENCH_FILE                  ; tb_mlp_accelerator.v                                     ; --            ; --                   ; tb_mlp_accelerator ;
; EDA_TEST_BENCH_MODULE_NAME           ; tb_mlp_accelerator                                       ; --            ; --                   ; tb_mlp_accelerator ;
; EDA_TEST_BENCH_NAME                  ; tb_mlp_accelerator                                       ; --            ; --                   ; eda_simulation     ;
; EDA_TIME_SCALE                       ; 1 ps                                                     ; --            ; --                   ; eda_simulation     ;
; MAX_CORE_JUNCTION_TEMP               ; 85                                                       ; --            ; --                   ; --                 ;
; MIN_CORE_JUNCTION_TEMP               ; 0                                                        ; --            ; --                   ; --                 ;
; MISC_FILE                            ; system/synthesis/../system.cmp                           ; --            ; --                   ; --                 ;
; MISC_FILE                            ; system/synthesis/../../system.qsys                       ; --            ; --                   ; --                 ;
; PARTITION_COLOR                      ; -- (Not supported for targeted family)                   ; --            ; DE10_Standard_VIP_TV ; Top                ;
; PARTITION_COLOR                      ; -- (Not supported for targeted family)                   ; --            ; Soc                  ; Top                ;
; PARTITION_COLOR                      ; -- (Not supported for targeted family)                   ; --            ; mnist_soc_top        ; Top                ;
; PARTITION_FITTER_PRESERVATION_LEVEL  ; -- (Not supported for targeted family)                   ; --            ; DE10_Standard_VIP_TV ; Top                ;
; PARTITION_FITTER_PRESERVATION_LEVEL  ; -- (Not supported for targeted family)                   ; --            ; Soc                  ; Top                ;
; PARTITION_FITTER_PRESERVATION_LEVEL  ; -- (Not supported for targeted family)                   ; --            ; mnist_soc_top        ; Top                ;
; PARTITION_NETLIST_TYPE               ; -- (Not supported for targeted family)                   ; --            ; DE10_Standard_VIP_TV ; Top                ;
; PARTITION_NETLIST_TYPE               ; -- (Not supported for targeted family)                   ; --            ; Soc                  ; Top                ;
; PARTITION_NETLIST_TYPE               ; -- (Not supported for targeted family)                   ; --            ; mnist_soc_top        ; Top                ;
; POWER_BOARD_THERMAL_MODEL            ; None (CONSERVATIVE)                                      ; --            ; --                   ; --                 ;
; POWER_PRESET_COOLING_SOLUTION        ; 23 MM HEAT SINK WITH 200 LFPM AIRFLOW                    ; --            ; --                   ; --                 ;
; PROJECT_OUTPUT_DIRECTORY             ; output_files                                             ; --            ; --                   ; --                 ;
; SLD_FILE                             ; system/synthesis/system.regmap                           ; --            ; --                   ; --                 ;
; SLD_FILE                             ; system/synthesis/system.debuginfo                        ; --            ; --                   ; --                 ;
; SLD_INFO                             ; QSYS_NAME system HAS_SOPCINFO 1 GENERATION_ID 1776239937 ; --            ; system               ; --                 ;
; SOPCINFO_FILE                        ; system/synthesis/../../system.sopcinfo                   ; --            ; --                   ; --                 ;
; SYNTHESIS_ONLY_QIP                   ; On                                                       ; --            ; --                   ; --                 ;
; TOP_LEVEL_ENTITY                     ; mnist_soc_top                                            ; moduleTop     ; --                   ; --                 ;
+--------------------------------------+----------------------------------------------------------+---------------+----------------------+--------------------+


+--------------------------------------------------------------------------------------------------------------------------+
; Flow Elapsed Time                                                                                                        ;
+----------------------+--------------+-------------------------+---------------------+------------------------------------+
; Module Name          ; Elapsed Time ; Average Processors Used ; Peak Virtual Memory ; Total CPU Time (on all processors) ;
+----------------------+--------------+-------------------------+---------------------+------------------------------------+
; Analysis & Synthesis ; 00:03:31     ; 1.0                     ; 5045 MB             ; 00:03:58                           ;
; Fitter               ; 00:01:59     ; 1.2                     ; 7064 MB             ; 00:04:38                           ;
; Assembler            ; 00:00:22     ; 1.0                     ; 4894 MB             ; 00:00:16                           ;
; Timing Analyzer      ; 00:00:19     ; 2.1                     ; 5261 MB             ; 00:00:34                           ;
; EDA Netlist Writer   ; 00:00:06     ; 1.0                     ; 4814 MB             ; 00:00:05                           ;
; Total                ; 00:06:17     ; --                      ; --                  ; 00:09:31                           ;
+----------------------+--------------+-------------------------+---------------------+------------------------------------+


+------------------------------------------------------------------------------------+
; Flow OS Summary                                                                    ;
+----------------------+------------------+------------+------------+----------------+
; Module Name          ; Machine Hostname ; OS Name    ; OS Version ; Processor type ;
+----------------------+------------------+------------+------------+----------------+
; Analysis & Synthesis ; THAVICO-1D28SA1  ; Windows 10 ; 10.0       ; x86_64         ;
; Fitter               ; THAVICO-1D28SA1  ; Windows 10 ; 10.0       ; x86_64         ;
; Assembler            ; THAVICO-1D28SA1  ; Windows 10 ; 10.0       ; x86_64         ;
; Timing Analyzer      ; THAVICO-1D28SA1  ; Windows 10 ; 10.0       ; x86_64         ;
; EDA Netlist Writer   ; THAVICO-1D28SA1  ; Windows 10 ; 10.0       ; x86_64         ;
+----------------------+------------------+------------+------------+----------------+


------------
; Flow Log ;
------------
quartus_map --read_settings_files=on --write_settings_files=off moduleTop -c moduleTop
quartus_fit --read_settings_files=off --write_settings_files=off moduleTop -c moduleTop
quartus_asm --read_settings_files=off --write_settings_files=off moduleTop -c moduleTop
quartus_sta moduleTop -c moduleTop
quartus_eda --read_settings_files=off --write_settings_files=off moduleTop -c moduleTop



